<?xml version="1.0" encoding="UTF-8"?>
<testng-results skipped="0" failed="0" ignored="0" total="1" passed="1">
  <reporter-output>
  </reporter-output>
  <suite name="Default suite" duration-ms="60" started-at="2023-05-11T16:37:01 CDT" finished-at="2023-05-11T16:37:01 CDT">
    <groups>
    </groups>
    <test name="Default test" duration-ms="60" started-at="2023-05-11T16:37:01 CDT" finished-at="2023-05-11T16:37:01 CDT">
      <class name="test.NewTest">
        <test-method status="PASS" signature="f()[pri:0, instance:test.NewTest@4e9ba398]" name="f" duration-ms="13" started-at="2023-05-11T16:37:01 CDT" finished-at="2023-05-11T16:37:01 CDT">
          <reporter-output>
          </reporter-output>
        </test-method> <!-- f -->
      </class> <!-- test.NewTest -->
    </test> <!-- Default test -->
  </suite> <!-- Default suite -->
</testng-results>
